2026-02-28T23:36:57.056+08:00  INFO 84160 --- [main] com.example.DemoApplicationTests         : Starting DemoApplicationTests using Java 17 with PID 84160 (started by 30274 in C:\Users\30274\Desktop\xm\springboot\core-api)
2026-02-28T23:36:57.061+08:00  INFO 84160 --- [main] com.example.DemoApplicationTests         : No active profile set, falling back to 1 default profile: "default"
2026-02-28T23:36:59.330+08:00  INFO 84160 --- [main] .s.d.r.c.RepositoryConfigurationDelegate : Multiple Spring Data modules found, entering strict repository configuration mode
2026-02-28T23:36:59.338+08:00  INFO 84160 --- [main] .s.d.r.c.RepositoryConfigurationDelegate : Bootstrapping Spring Data Redis repositories in DEFAULT mode.
2026-02-28T23:36:59.635+08:00  INFO 84160 --- [main] .s.d.r.c.RepositoryConfigurationDelegate : Finished Spring Data repository scanning in 238 ms. Found 0 Redis repository interfaces.
2026-02-28T23:37:00.158+08:00  WARN 84160 --- [main] o.m.s.mapper.ClassPathMapperScanner      : Skipping MapperFactoryBean with name 'loginRegisterMapper' and 'com.example.modules.auth.mapper.LoginRegisterMapper' mapperInterface. Bean already defined with the same name!
2026-02-28T23:37:00.214+08:00  WARN 84160 --- [main] o.m.s.mapper.ClassPathMapperScanner      : Skipping MapperFactoryBean with name 'feeBillMapper' and 'com.example.modules.business.fee.mapper.FeeBillMapper' mapperInterface. Bean already defined with the same name!
2026-02-28T23:37:00.214+08:00  WARN 84160 --- [main] o.m.s.mapper.ClassPathMapperScanner      : Skipping MapperFactoryBean with name 'postMapper' and 'com.example.modules.business.forum.mapper.PostMapper' mapperInterface. Bean already defined with the same name!
2026-02-28T23:37:00.216+08:00  WARN 84160 --- [main] o.m.s.mapper.ClassPathMapperScanner      : Skipping MapperFactoryBean with name 'noticeMapper' and 'com.example.modules.business.notice.mapper.NoticeMapper' mapperInterface. Bean already defined with the same name!
2026-02-28T23:37:00.216+08:00  WARN 84160 --- [main] o.m.s.mapper.ClassPathMapperScanner      : Skipping MapperFactoryBean with name 'payOrderMapper' and 'com.example.modules.business.pay.mapper.PayOrderMapper' mapperInterface. Bean already defined with the same name!
2026-02-28T23:37:00.216+08:00  WARN 84160 --- [main] o.m.s.mapper.ClassPathMapperScanner      : Skipping MapperFactoryBean with name 'repairEvaluationMapper' and 'com.example.modules.business.repair.mapper.RepairEvaluationMapper' mapperInterface. Bean already defined with the same name!
2026-02-28T23:37:00.217+08:00  WARN 84160 --- [main] o.m.s.mapper.ClassPathMapperScanner      : Skipping MapperFactoryBean with name 'repairMapper' and 'com.example.modules.business.repair.mapper.RepairMapper' mapperInterface. Bean already defined with the same name!
2026-02-28T23:37:00.217+08:00  WARN 84160 --- [main] o.m.s.mapper.ClassPathMapperScanner      : Skipping MapperFactoryBean with name 'travelPassRecordMapper' and 'com.example.modules.business.travelpass.mapper.TravelPassRecordMapper' mapperInterface. Bean already defined with the same name!
2026-02-28T23:37:00.309+08:00  WARN 84160 --- [main] o.m.s.mapper.ClassPathMapperScanner      : Skipping MapperFactoryBean with name 'accessLogMapper' and 'com.example.modules.system.accesslog.mapper.AccessLogMapper' mapperInterface. Bean already defined with the same name!
2026-02-28T23:37:00.311+08:00  WARN 84160 --- [main] o.m.s.mapper.ClassPathMapperScanner      : Skipping MapperFactoryBean with name 'adminMapper' and 'com.example.modules.system.admin.mapper.AdminMapper' mapperInterface. Bean already defined with the same name!
2026-02-28T23:37:00.311+08:00  WARN 84160 --- [main] o.m.s.mapper.ClassPathMapperScanner      : Skipping MapperFactoryBean with name 'employeeMapper' and 'com.example.modules.system.employee.mapper.EmployeeMapper' mapperInterface. Bean already defined with the same name!
2026-02-28T23:37:00.311+08:00  WARN 84160 --- [main] o.m.s.mapper.ClassPathMapperScanner      : Skipping MapperFactoryBean with name 'loginLogMapper' and 'com.example.modules.system.loginlog.mapper.LoginLogMapper' mapperInterface. Bean already defined with the same name!
2026-02-28T23:37:00.312+08:00  WARN 84160 --- [main] o.m.s.mapper.ClassPathMapperScanner      : Skipping MapperFactoryBean with name 'statsMapper' and 'com.example.modules.system.stats.mapper.StatsMapper' mapperInterface. Bean already defined with the same name!
2026-02-28T23:37:00.336+08:00  WARN 84160 --- [main] o.m.s.mapper.ClassPathMapperScanner      : No MyBatis mapper was found in '[com.example.modules.auth.mapper, com.example.modules.business.*.mapper, com.example.modules.business.*.*.mapper, com.example.modules.system.*.mapper, com.example.modules.notice.mapper, com.example.modules.pay.mapper, com.example.modules.fee.mapper, com.example.modules.travelpass.mapper, com.example.modules.forum.mapper, com.example.modules.repair.mapper]' package. Please check your configuration.
2026-02-28T23:37:04.199+08:00  INFO 84160 --- [main] r$InitializeUserDetailsManagerConfigurer : Global AuthenticationManager configured with UserDetailsService bean with name customUserDetailsService
2026-02-28T23:37:09.021+08:00  INFO 84160 --- [main] com.example.DemoApplicationTests         : Started DemoApplicationTests in 12.95 seconds (process running for 17.994)
2026-02-28T23:37:09.186+08:00  INFO 84160 --- [scheduling-1] com.zaxxer.hikari.HikariDataSource       : HikariPool-1 - Starting...
2026-02-28T23:37:09.700+08:00  INFO 84160 --- [scheduling-1] com.zaxxer.hikari.pool.HikariPool        : HikariPool-1 - Added connection com.mysql.cj.jdbc.ConnectionImpl@3a6532a4
2026-02-28T23:37:09.704+08:00  INFO 84160 --- [scheduling-1] com.zaxxer.hikari.HikariDataSource       : HikariPool-1 - Start completed.
2026-02-28T23:37:16.117+08:00  INFO 84160 --- [SpringApplicationShutdownHook] com.zaxxer.hikari.HikariDataSource       : HikariPool-1 - Shutdown initiated...
2026-02-28T23:37:16.131+08:00  INFO 84160 --- [SpringApplicationShutdownHook] com.zaxxer.hikari.HikariDataSource       : HikariPool-1 - Shutdown completed.
